<?xml version="1.0" encoding="UTF-8"?>
<!-- Generated by org.testng.reporters.JUnitReportReporter -->
<testsuite hostname="LAPTOP-BAJOPJF9" name="database.PracticeDatabase" tests="1" failures="0" timestamp="18 Feb 2018 23:04:15 GMT" time="0.843" errors="0">
  <testcase name="validateDataBase" time="0.843" classname="database.PracticeDatabase"/>
</testsuite> <!-- database.PracticeDatabase -->
