<?xml version="1.0" encoding="UTF-8"?>
<!-- Generated by org.testng.reporters.JUnitReportReporter -->
<testsuite hostname="LAPTOP-BAJOPJF9" name="unitTestCase.HeadlessBrowserTest" tests="1" failures="0" timestamp="16 Feb 2018 00:51:15 GMT" time="14.112" errors="0">
  <testcase name="testBrowser" time="14.112" classname="unitTestCase.HeadlessBrowserTest"/>
</testsuite> <!-- unitTestCase.HeadlessBrowserTest -->
