<?xml version="1.0" encoding="UTF-8"?>
<!-- Generated by org.testng.reporters.JUnitReportReporter -->
<testsuite hostname="LAPTOP-BAJOPJF9" name="unitTestCase.ValidateDatabase" tests="1" failures="0" timestamp="19 Feb 2018 01:44:48 GMT" time="0.268" errors="0">
  <testcase name="validateDataBase" time="0.268" classname="unitTestCase.ValidateDatabase"/>
</testsuite> <!-- unitTestCase.ValidateDatabase -->
