<?xml version="1.0" encoding="UTF-8"?>
<!-- Generated by org.testng.reporters.JUnitReportReporter -->
<testsuite hostname="LAPTOP-BAJOPJF9" name="unitTestCase.SeleniumGridTestCasesMobile" tests="1" failures="0" timestamp="20 Feb 2018 06:22:30 GMT" time="32.958" errors="0">
  <testcase name="testBrowser" time="32.958" classname="unitTestCase.SeleniumGridTestCasesMobile"/>
</testsuite> <!-- unitTestCase.SeleniumGridTestCasesMobile -->
