<?xml version="1.0" encoding="UTF-8"?>
<!-- Generated by org.testng.reporters.JUnitReportReporter -->
<testsuite hostname="LAPTOP-BAJOPJF9" name="applicationTestCases.Login" tests="1" failures="0" timestamp="13 Feb 2018 23:53:03 GMT" time="2.236" errors="0">
  <testcase name="loginToApp" time="2.236" classname="applicationTestCases.Login"/>
</testsuite> <!-- applicationTestCases.Login -->
