<?xml version="1.0" encoding="UTF-8"?>
<!-- Generated by org.testng.reporters.JUnitReportReporter -->
<testsuite hostname="LAPTOP-BAJOPJF9" name="applicationTestCases.ApplicationLogin" tests="1" failures="0" timestamp="14 Feb 2018 00:30:14 GMT" time="4.199" errors="0">
  <testcase name="loginToApp" time="4.199" classname="applicationTestCases.ApplicationLogin"/>
</testsuite> <!-- applicationTestCases.ApplicationLogin -->
